2022-08-25 17:40:59 INFO  Controller:61 - commandName ==> login
2022-08-25 17:40:59 INFO  Controller:75 - redirect ==> manager.jsp
2022-08-25 17:41:12 INFO  Controller:61 - commandName ==> addShowtime
2022-08-25 17:41:14 INFO  Controller:75 - redirect ==> manager.jsp
2022-08-25 20:45:49 INFO  Controller:61 - commandName ==> login
2022-08-25 20:45:49 INFO  Controller:75 - redirect ==> manager.jsp
2022-08-25 20:45:59 INFO  Controller:61 - commandName ==> addShowtime
2022-08-25 20:45:59 INFO  Controller:75 - redirect ==> manager.jsp
2022-08-25 20:53:27 INFO  Controller:61 - commandName ==> login
2022-08-25 20:53:27 INFO  Controller:75 - redirect ==> manager.jsp
2022-08-25 20:53:37 INFO  Controller:61 - commandName ==> addShowtime
2022-08-25 20:53:39 INFO  Controller:75 - redirect ==> manager.jsp
2022-08-25 20:54:22 INFO  Controller:61 - commandName ==> login
2022-08-25 20:54:22 INFO  Controller:75 - redirect ==> index.jsp
2022-08-25 20:54:54 INFO  Controller:61 - commandName ==> purchaseTickets
2022-08-25 20:54:54 INFO  Controller:75 - redirect ==> client.jsp
2022-08-25 21:03:23 INFO  Controller:61 - commandName ==> login
2022-08-25 21:03:23 INFO  Controller:75 - redirect ==> index.jsp
2022-08-25 21:05:40 INFO  Controller:61 - commandName ==> purchaseTickets
2022-08-25 21:05:40 INFO  Controller:75 - redirect ==> client.jsp
2022-08-25 21:07:31 INFO  Controller:61 - commandName ==> login
2022-08-25 21:07:31 INFO  Controller:75 - redirect ==> manager.jsp
2022-08-25 21:07:54 INFO  Controller:61 - commandName ==> addShowtime
2022-08-25 21:07:56 INFO  Controller:75 - redirect ==> manager.jsp
2022-08-25 21:08:40 INFO  Controller:61 - commandName ==> login
2022-08-25 21:08:40 INFO  Controller:75 - redirect ==> index.jsp
2022-08-25 21:08:53 INFO  Controller:61 - commandName ==> purchaseTickets
2022-08-25 21:08:53 INFO  Controller:75 - redirect ==> client.jsp
2022-08-26 17:22:47 INFO  Controller:61 - commandName ==> login
2022-08-26 17:22:48 INFO  Controller:75 - redirect ==> index.jsp
2022-08-26 18:07:40 INFO  Controller:61 - commandName ==> login
2022-08-26 18:07:40 INFO  Controller:75 - redirect ==> manager.jsp
2022-08-26 18:07:52 INFO  Controller:61 - commandName ==> addShowtime
2022-08-26 18:07:55 INFO  Controller:75 - redirect ==> manager.jsp
2022-08-26 18:08:07 INFO  Controller:61 - commandName ==> addShowtime
2022-08-26 18:08:09 INFO  Controller:75 - redirect ==> manager.jsp
2022-08-26 18:21:20 INFO  Controller:61 - commandName ==> addShowtime
2022-08-26 18:21:20 INFO  Controller:75 - redirect ==> addShowtime.jsp
2022-08-26 18:21:33 INFO  Controller:61 - commandName ==> addShowtime
2022-08-26 18:21:35 INFO  Controller:75 - redirect ==> manager.jsp
2022-08-26 18:21:55 INFO  Controller:61 - commandName ==> addShowtime
2022-08-26 18:21:56 INFO  Controller:75 - redirect ==> manager.jsp
2022-08-26 18:25:23 INFO  Controller:61 - commandName ==> addShowtime
2022-08-26 18:25:25 INFO  Controller:75 - redirect ==> manager.jsp
2022-08-26 19:08:44 INFO  Controller:67 - commandName ==> login
2022-08-26 19:08:44 INFO  Controller:79 - redirect ==> index.jsp
2022-08-26 19:08:53 INFO  Controller:67 - commandName ==> purchaseTickets
2022-08-26 19:08:53 INFO  Controller:79 - redirect ==> client.jsp
2022-08-26 20:58:28 INFO  Controller:67 - commandName ==> login
2022-08-26 20:58:28 INFO  Controller:79 - redirect ==> manager.jsp
2022-08-26 20:58:42 INFO  Controller:67 - commandName ==> addShowtime
2022-08-26 20:58:43 INFO  Controller:79 - redirect ==> manager.jsp
2022-08-26 20:58:51 INFO  Controller:67 - commandName ==> addShowtime
2022-08-26 20:58:51 INFO  Controller:79 - redirect ==> manager.jsp
2022-08-26 20:59:00 INFO  Controller:67 - commandName ==> addShowtime
2022-08-26 20:59:00 INFO  Controller:79 - redirect ==> manager.jsp
2022-08-26 20:59:07 INFO  Controller:67 - commandName ==> addShowtime
2022-08-26 20:59:07 INFO  Controller:79 - redirect ==> manager.jsp
2022-08-26 20:59:14 INFO  Controller:67 - commandName ==> addShowtime
2022-08-26 20:59:14 INFO  Controller:79 - redirect ==> manager.jsp
2022-08-26 20:59:25 INFO  Controller:67 - commandName ==> addShowtime
2022-08-26 20:59:25 INFO  Controller:79 - redirect ==> addShowtime.jsp
2022-08-26 20:59:38 INFO  Controller:67 - commandName ==> addShowtime
2022-08-26 20:59:38 INFO  Controller:79 - redirect ==> manager.jsp
2022-08-26 21:00:06 INFO  Controller:67 - commandName ==> cancelShowtime
2022-08-26 21:00:06 INFO  Controller:79 - redirect ==> manager.jsp
2022-08-26 21:00:14 INFO  Controller:67 - commandName ==> addShowtime
2022-08-26 21:00:15 INFO  Controller:79 - redirect ==> manager.jsp
